$**************  SCADETOC Version 6.4.2 (build i26) **************
** Generation date: 2015-08-30T17:08:22
** Command: scade -code "C:\Users\Lu\Documents\ITA\CE-237-Teste_Avancado_de_SW\Git_rep\scade-integration-example-1\Team 2\UserApplication\project2\project2.etp" -node project2 -conf Simulation -build
*************************************************************$
*** Generated Files Information (GENFIL): KCG- Generated files
 ~kcg.log
  at file C:\Users\Lu\Documents\ITA\CE-237-Teste_Avancado_de_SW\Git_rep\scade-integration-example-1\Team 2\UserApplication\project2\Simulation\kcg.log, line 0, character 0
 ~kcg_s2c_config.txt
  at file C:\Users\Lu\Documents\ITA\CE-237-Teste_Avancado_de_SW\Git_rep\scade-integration-example-1\Team 2\UserApplication\project2\Simulation\kcg_s2c_config.txt, line 0, character 0
 ~kcg_trace.xml
  at file C:\Users\Lu\Documents\ITA\CE-237-Teste_Avancado_de_SW\Git_rep\scade-integration-example-1\Team 2\UserApplication\project2\Simulation\kcg_trace.xml, line 0, character 0
 ~kcg_metrics.txt
  at file C:\Users\Lu\Documents\ITA\CE-237-Teste_Avancado_de_SW\Git_rep\scade-integration-example-1\Team 2\UserApplication\project2\Simulation\kcg_metrics.txt, line 0, character 0
 ~project2.c
  at file C:\Users\Lu\Documents\ITA\CE-237-Teste_Avancado_de_SW\Git_rep\scade-integration-example-1\Team 2\UserApplication\project2\Simulation\project2.c, line 0, character 0
 ~project2.h
  at file C:\Users\Lu\Documents\ITA\CE-237-Teste_Avancado_de_SW\Git_rep\scade-integration-example-1\Team 2\UserApplication\project2\Simulation\project2.h, line 0, character 0
 ~kcg_types.h
  at file C:\Users\Lu\Documents\ITA\CE-237-Teste_Avancado_de_SW\Git_rep\scade-integration-example-1\Team 2\UserApplication\project2\Simulation\kcg_types.h, line 0, character 0
 ~kcg_consts.h
  at file C:\Users\Lu\Documents\ITA\CE-237-Teste_Avancado_de_SW\Git_rep\scade-integration-example-1\Team 2\UserApplication\project2\Simulation\kcg_consts.h, line 0, character 0
 ~kcg_sensors.h
  at file C:\Users\Lu\Documents\ITA\CE-237-Teste_Avancado_de_SW\Git_rep\scade-integration-example-1\Team 2\UserApplication\project2\Simulation\kcg_sensors.h, line 0, character 0
 ~kcg_types.c
  at file C:\Users\Lu\Documents\ITA\CE-237-Teste_Avancado_de_SW\Git_rep\scade-integration-example-1\Team 2\UserApplication\project2\Simulation\kcg_types.c, line 0, character 0
 ~kcg_consts.c
  at file C:\Users\Lu\Documents\ITA\CE-237-Teste_Avancado_de_SW\Git_rep\scade-integration-example-1\Team 2\UserApplication\project2\Simulation\kcg_consts.c, line 0, character 0
*** Generated Files Information (GENFIL): Simulator Generated files
 ~project2_UA_1.c
  at file C:\Users\Lu\Documents\ITA\CE-237-Teste_Avancado_de_SW\Git_rep\scade-integration-example-1\Team 2\UserApplication\project2\Simulation\project2_UA_1.c, line 0, character 0
 ~project2_UA_1.h
  at file C:\Users\Lu\Documents\ITA\CE-237-Teste_Avancado_de_SW\Git_rep\scade-integration-example-1\Team 2\UserApplication\project2\Simulation\project2_UA_1.h, line 0, character 0
 ~project2_cosim.c
  at file C:\Users\Lu\Documents\ITA\CE-237-Teste_Avancado_de_SW\Git_rep\scade-integration-example-1\Team 2\UserApplication\project2\Simulation\project2_cosim.c, line 0, character 0
 ~project2_type.h
  at file C:\Users\Lu\Documents\ITA\CE-237-Teste_Avancado_de_SW\Git_rep\scade-integration-example-1\Team 2\UserApplication\project2\Simulation\project2_type.h, line 0, character 0
 ~project2_type.c
  at file C:\Users\Lu\Documents\ITA\CE-237-Teste_Avancado_de_SW\Git_rep\scade-integration-example-1\Team 2\UserApplication\project2\Simulation\project2_type.c, line 0, character 0
 ~project2_mapping.h
  at file C:\Users\Lu\Documents\ITA\CE-237-Teste_Avancado_de_SW\Git_rep\scade-integration-example-1\Team 2\UserApplication\project2\Simulation\project2_mapping.h, line 0, character 0
 ~project2_mapping.c
  at file C:\Users\Lu\Documents\ITA\CE-237-Teste_Avancado_de_SW\Git_rep\scade-integration-example-1\Team 2\UserApplication\project2\Simulation\project2_mapping.c, line 0, character 0
 ~project2_interface.h
  at file C:\Users\Lu\Documents\ITA\CE-237-Teste_Avancado_de_SW\Git_rep\scade-integration-example-1\Team 2\UserApplication\project2\Simulation\project2_interface.h, line 0, character 0
 ~project2_interface.c
  at file C:\Users\Lu\Documents\ITA\CE-237-Teste_Avancado_de_SW\Git_rep\scade-integration-example-1\Team 2\UserApplication\project2\Simulation\project2_interface.c, line 0, character 0
 ~project2_dll.c
  at file C:\Users\Lu\Documents\ITA\CE-237-Teste_Avancado_de_SW\Git_rep\scade-integration-example-1\Team 2\UserApplication\project2\Simulation\project2_dll.c, line 0, character 0
*** Generated Files Information (GENFIL): Type Utils Generated files
 ~project2_newtype.h
  at file C:\Users\Lu\Documents\ITA\CE-237-Teste_Avancado_de_SW\Git_rep\scade-integration-example-1\Team 2\UserApplication\project2\Simulation\project2_newtype.h, line 0, character 0
 ~project2_newtype.c
  at file C:\Users\Lu\Documents\ITA\CE-237-Teste_Avancado_de_SW\Git_rep\scade-integration-example-1\Team 2\UserApplication\project2\Simulation\project2_newtype.c, line 0, character 0
*** Generated Files Information (GENFIL): Mapping Utils Generated files
 ~project2_newmapping.h
  at file C:\Users\Lu\Documents\ITA\CE-237-Teste_Avancado_de_SW\Git_rep\scade-integration-example-1\Team 2\UserApplication\project2\Simulation\project2_newmapping.h, line 0, character 0
 ~project2_newmapping.c
  at file C:\Users\Lu\Documents\ITA\CE-237-Teste_Avancado_de_SW\Git_rep\scade-integration-example-1\Team 2\UserApplication\project2\Simulation\project2_newmapping.c, line 0, character 0
*** Generated Files Information (GENFIL): Build Generated files
 ~Makefile
  at file C:\Users\Lu\Documents\ITA\CE-237-Teste_Avancado_de_SW\Git_rep\scade-integration-example-1\Team 2\UserApplication\project2\Simulation\Makefile, line 0, character 0
 ~project2.dll
  at file C:\Users\Lu\Documents\ITA\CE-237-Teste_Avancado_de_SW\Git_rep\scade-integration-example-1\Team 2\UserApplication\project2\Simulation\project2.dll, line 0, character 0
 ~project2.exe
  at file C:\Users\Lu\Documents\ITA\CE-237-Teste_Avancado_de_SW\Git_rep\scade-integration-example-1\Team 2\UserApplication\project2\Simulation\project2.exe, line 0, character 0
*** Generated Files Information (GENFIL): Code Generator Generated files
 ~sc2c.log
  at file C:\Users\Lu\Documents\ITA\CE-237-Teste_Avancado_de_SW\Git_rep\scade-integration-example-1\Team 2\UserApplication\project2\Simulation\sc2c.log, line 0, character 0
 ~sc2c_integration_files.txt
  at file C:\Users\Lu\Documents\ITA\CE-237-Teste_Avancado_de_SW\Git_rep\scade-integration-example-1\Team 2\UserApplication\project2\Simulation\sc2c_integration_files.txt, line 0, character 0
$**************  SCADETOC Version 6.4.2 (build i26) **************
** Generation date: 2015-08-30T17:08:47
** sc2c.log
*************************************************************$
