$**************  SCADETOC Version 6.4.2 (build i26) **************
** Generation date: 2015-08-29T20:21:56
** Command: scade -code "C:\Users\Lu\Documents\ITA\CE-237-Teste_Avancado_de_SW\Git_rep\scade-integration-example-1\Team 1\UserApplication\project1\project1.etp" -node project1 -conf Simulation -build
*************************************************************$
*** Generated Files Information (GENFIL): KCG- Generated files
 ~kcg.log
  at file C:\Users\Lu\Documents\ITA\CE-237-Teste_Avancado_de_SW\Git_rep\scade-integration-example-1\Team 1\UserApplication\project1\Simulation\kcg.log, line 0, character 0
 ~kcg_s2c_config.txt
  at file C:\Users\Lu\Documents\ITA\CE-237-Teste_Avancado_de_SW\Git_rep\scade-integration-example-1\Team 1\UserApplication\project1\Simulation\kcg_s2c_config.txt, line 0, character 0
 ~kcg_trace.xml
  at file C:\Users\Lu\Documents\ITA\CE-237-Teste_Avancado_de_SW\Git_rep\scade-integration-example-1\Team 1\UserApplication\project1\Simulation\kcg_trace.xml, line 0, character 0
 ~kcg_metrics.txt
  at file C:\Users\Lu\Documents\ITA\CE-237-Teste_Avancado_de_SW\Git_rep\scade-integration-example-1\Team 1\UserApplication\project1\Simulation\kcg_metrics.txt, line 0, character 0
 ~project1.c
  at file C:\Users\Lu\Documents\ITA\CE-237-Teste_Avancado_de_SW\Git_rep\scade-integration-example-1\Team 1\UserApplication\project1\Simulation\project1.c, line 0, character 0
 ~project1.h
  at file C:\Users\Lu\Documents\ITA\CE-237-Teste_Avancado_de_SW\Git_rep\scade-integration-example-1\Team 1\UserApplication\project1\Simulation\project1.h, line 0, character 0
 ~kcg_types.h
  at file C:\Users\Lu\Documents\ITA\CE-237-Teste_Avancado_de_SW\Git_rep\scade-integration-example-1\Team 1\UserApplication\project1\Simulation\kcg_types.h, line 0, character 0
 ~kcg_consts.h
  at file C:\Users\Lu\Documents\ITA\CE-237-Teste_Avancado_de_SW\Git_rep\scade-integration-example-1\Team 1\UserApplication\project1\Simulation\kcg_consts.h, line 0, character 0
 ~kcg_sensors.h
  at file C:\Users\Lu\Documents\ITA\CE-237-Teste_Avancado_de_SW\Git_rep\scade-integration-example-1\Team 1\UserApplication\project1\Simulation\kcg_sensors.h, line 0, character 0
 ~kcg_types.c
  at file C:\Users\Lu\Documents\ITA\CE-237-Teste_Avancado_de_SW\Git_rep\scade-integration-example-1\Team 1\UserApplication\project1\Simulation\kcg_types.c, line 0, character 0
 ~kcg_consts.c
  at file C:\Users\Lu\Documents\ITA\CE-237-Teste_Avancado_de_SW\Git_rep\scade-integration-example-1\Team 1\UserApplication\project1\Simulation\kcg_consts.c, line 0, character 0
*** Generated Files Information (GENFIL): Simulator Generated files
 ~project1_UA_1.c
  at file C:\Users\Lu\Documents\ITA\CE-237-Teste_Avancado_de_SW\Git_rep\scade-integration-example-1\Team 1\UserApplication\project1\Simulation\project1_UA_1.c, line 0, character 0
 ~project1_UA_1.h
  at file C:\Users\Lu\Documents\ITA\CE-237-Teste_Avancado_de_SW\Git_rep\scade-integration-example-1\Team 1\UserApplication\project1\Simulation\project1_UA_1.h, line 0, character 0
 ~project1_cosim.c
  at file C:\Users\Lu\Documents\ITA\CE-237-Teste_Avancado_de_SW\Git_rep\scade-integration-example-1\Team 1\UserApplication\project1\Simulation\project1_cosim.c, line 0, character 0
 ~project1_type.h
  at file C:\Users\Lu\Documents\ITA\CE-237-Teste_Avancado_de_SW\Git_rep\scade-integration-example-1\Team 1\UserApplication\project1\Simulation\project1_type.h, line 0, character 0
 ~project1_type.c
  at file C:\Users\Lu\Documents\ITA\CE-237-Teste_Avancado_de_SW\Git_rep\scade-integration-example-1\Team 1\UserApplication\project1\Simulation\project1_type.c, line 0, character 0
 ~project1_mapping.h
  at file C:\Users\Lu\Documents\ITA\CE-237-Teste_Avancado_de_SW\Git_rep\scade-integration-example-1\Team 1\UserApplication\project1\Simulation\project1_mapping.h, line 0, character 0
 ~project1_mapping.c
  at file C:\Users\Lu\Documents\ITA\CE-237-Teste_Avancado_de_SW\Git_rep\scade-integration-example-1\Team 1\UserApplication\project1\Simulation\project1_mapping.c, line 0, character 0
 ~project1_interface.h
  at file C:\Users\Lu\Documents\ITA\CE-237-Teste_Avancado_de_SW\Git_rep\scade-integration-example-1\Team 1\UserApplication\project1\Simulation\project1_interface.h, line 0, character 0
 ~project1_interface.c
  at file C:\Users\Lu\Documents\ITA\CE-237-Teste_Avancado_de_SW\Git_rep\scade-integration-example-1\Team 1\UserApplication\project1\Simulation\project1_interface.c, line 0, character 0
 ~project1_dll.c
  at file C:\Users\Lu\Documents\ITA\CE-237-Teste_Avancado_de_SW\Git_rep\scade-integration-example-1\Team 1\UserApplication\project1\Simulation\project1_dll.c, line 0, character 0
*** Generated Files Information (GENFIL): Type Utils Generated files
 ~project1_newtype.h
  at file C:\Users\Lu\Documents\ITA\CE-237-Teste_Avancado_de_SW\Git_rep\scade-integration-example-1\Team 1\UserApplication\project1\Simulation\project1_newtype.h, line 0, character 0
 ~project1_newtype.c
  at file C:\Users\Lu\Documents\ITA\CE-237-Teste_Avancado_de_SW\Git_rep\scade-integration-example-1\Team 1\UserApplication\project1\Simulation\project1_newtype.c, line 0, character 0
*** Generated Files Information (GENFIL): Mapping Utils Generated files
 ~project1_newmapping.h
  at file C:\Users\Lu\Documents\ITA\CE-237-Teste_Avancado_de_SW\Git_rep\scade-integration-example-1\Team 1\UserApplication\project1\Simulation\project1_newmapping.h, line 0, character 0
 ~project1_newmapping.c
  at file C:\Users\Lu\Documents\ITA\CE-237-Teste_Avancado_de_SW\Git_rep\scade-integration-example-1\Team 1\UserApplication\project1\Simulation\project1_newmapping.c, line 0, character 0
*** Generated Files Information (GENFIL): Build Generated files
 ~Makefile
  at file C:\Users\Lu\Documents\ITA\CE-237-Teste_Avancado_de_SW\Git_rep\scade-integration-example-1\Team 1\UserApplication\project1\Simulation\Makefile, line 0, character 0
 ~project1.dll
  at file C:\Users\Lu\Documents\ITA\CE-237-Teste_Avancado_de_SW\Git_rep\scade-integration-example-1\Team 1\UserApplication\project1\Simulation\project1.dll, line 0, character 0
 ~project1.exe
  at file C:\Users\Lu\Documents\ITA\CE-237-Teste_Avancado_de_SW\Git_rep\scade-integration-example-1\Team 1\UserApplication\project1\Simulation\project1.exe, line 0, character 0
*** Generated Files Information (GENFIL): Code Generator Generated files
 ~sc2c.log
  at file C:\Users\Lu\Documents\ITA\CE-237-Teste_Avancado_de_SW\Git_rep\scade-integration-example-1\Team 1\UserApplication\project1\Simulation\sc2c.log, line 0, character 0
 ~sc2c_integration_files.txt
  at file C:\Users\Lu\Documents\ITA\CE-237-Teste_Avancado_de_SW\Git_rep\scade-integration-example-1\Team 1\UserApplication\project1\Simulation\sc2c_integration_files.txt, line 0, character 0
$**************  SCADETOC Version 6.4.2 (build i26) **************
** Generation date: 2015-08-29T20:22:32
** sc2c.log
*************************************************************$
