$**************  SCADETOC Version 6.4.2 (build i26) **************
** Generation date: 2015-08-30T17:10:14
** Command: scade -code "C:\Users\Lu\Documents\ITA\CE-237-Teste_Avancado_de_SW\Git_rep\scade-integration-example-1\Team 2\UserApplication\project2\project2.etp" -node project2 -conf KCG
*************************************************************$
*** Generated Files Information (GENFIL): KCG- Generated files
 ~kcg.log
  at file C:\Users\Lu\Documents\ITA\CE-237-Teste_Avancado_de_SW\Git_rep\scade-integration-example-1\Team 2\UserApplication\project2\KCG\kcg.log, line 0, character 0
 ~kcg_s2c_config.txt
  at file C:\Users\Lu\Documents\ITA\CE-237-Teste_Avancado_de_SW\Git_rep\scade-integration-example-1\Team 2\UserApplication\project2\KCG\kcg_s2c_config.txt, line 0, character 0
 ~kcg_trace.xml
  at file C:\Users\Lu\Documents\ITA\CE-237-Teste_Avancado_de_SW\Git_rep\scade-integration-example-1\Team 2\UserApplication\project2\KCG\kcg_trace.xml, line 0, character 0
 ~kcg_metrics.txt
  at file C:\Users\Lu\Documents\ITA\CE-237-Teste_Avancado_de_SW\Git_rep\scade-integration-example-1\Team 2\UserApplication\project2\KCG\kcg_metrics.txt, line 0, character 0
 ~project2.c
  at file C:\Users\Lu\Documents\ITA\CE-237-Teste_Avancado_de_SW\Git_rep\scade-integration-example-1\Team 2\UserApplication\project2\KCG\project2.c, line 0, character 0
 ~project2.h
  at file C:\Users\Lu\Documents\ITA\CE-237-Teste_Avancado_de_SW\Git_rep\scade-integration-example-1\Team 2\UserApplication\project2\KCG\project2.h, line 0, character 0
 ~kcg_types.h
  at file C:\Users\Lu\Documents\ITA\CE-237-Teste_Avancado_de_SW\Git_rep\scade-integration-example-1\Team 2\UserApplication\project2\KCG\kcg_types.h, line 0, character 0
 ~kcg_consts.h
  at file C:\Users\Lu\Documents\ITA\CE-237-Teste_Avancado_de_SW\Git_rep\scade-integration-example-1\Team 2\UserApplication\project2\KCG\kcg_consts.h, line 0, character 0
 ~kcg_sensors.h
  at file C:\Users\Lu\Documents\ITA\CE-237-Teste_Avancado_de_SW\Git_rep\scade-integration-example-1\Team 2\UserApplication\project2\KCG\kcg_sensors.h, line 0, character 0
 ~kcg_types.c
  at file C:\Users\Lu\Documents\ITA\CE-237-Teste_Avancado_de_SW\Git_rep\scade-integration-example-1\Team 2\UserApplication\project2\KCG\kcg_types.c, line 0, character 0
 ~kcg_consts.c
  at file C:\Users\Lu\Documents\ITA\CE-237-Teste_Avancado_de_SW\Git_rep\scade-integration-example-1\Team 2\UserApplication\project2\KCG\kcg_consts.c, line 0, character 0
*** Generated Files Information (GENFIL): Code Generator Generated files
 ~sc2c.log
  at file C:\Users\Lu\Documents\ITA\CE-237-Teste_Avancado_de_SW\Git_rep\scade-integration-example-1\Team 2\UserApplication\project2\KCG\sc2c.log, line 0, character 0
 ~sc2c_integration_files.txt
  at file C:\Users\Lu\Documents\ITA\CE-237-Teste_Avancado_de_SW\Git_rep\scade-integration-example-1\Team 2\UserApplication\project2\KCG\sc2c_integration_files.txt, line 0, character 0
$**************  SCADETOC Version 6.4.2 (build i26) **************
** Generation date: 2015-08-30T17:10:19
** sc2c.log
*************************************************************$
